


ARM Macro Assembler    Page 1 


    1 00000000         ;-------------------------------------------------------
                       ------------------------
    2 00000000         ; sys_pmu.asm
    3 00000000         ;
    4 00000000         ; Copyright (C) 2009-2014 Texas Instruments Incorporated
                        - http://www.ti.com/ 
    5 00000000         ; 
    6 00000000         ; 
    7 00000000         ;  Redistribution and use in source and binary forms, wi
                       th or without 
    8 00000000         ;  modification, are permitted provided that the followi
                       ng conditions 
    9 00000000         ;  are met:
   10 00000000         ;
   11 00000000         ;    Redistributions of source code must retain the abov
                       e copyright 
   12 00000000         ;    notice, this list of conditions and the following d
                       isclaimer.
   13 00000000         ;
   14 00000000         ;    Redistributions in binary form must reproduce the a
                       bove copyright
   15 00000000         ;    notice, this list of conditions and the following d
                       isclaimer in the 
   16 00000000         ;    documentation and/or other materials provided with 
                       the   
   17 00000000         ;    distribution.
   18 00000000         ;
   19 00000000         ;    Neither the name of Texas Instruments Incorporated 
                       nor the names of
   20 00000000         ;    its contributors may be used to endorse or promote 
                       products derived
   21 00000000         ;    from this software without specific prior written p
                       ermission.
   22 00000000         ;
   23 00000000         ;  THIS SOFTWARE IS PROVIDED BY THE COPYRIGHT HOLDERS AN
                       D CONTRIBUTORS 
   24 00000000         ;  "AS IS" AND ANY EXPRESS OR IMPLIED WARRANTIES, INCLUD
                       ING, BUT NOT 
   25 00000000         ;  LIMITED TO, THE IMPLIED WARRANTIES OF MERCHANTABILITY
                        AND FITNESS FOR
   26 00000000         ;  A PARTICULAR PURPOSE ARE DISCLAIMED. IN NO EVENT SHAL
                       L THE COPYRIGHT 
   27 00000000         ;  OWNER OR CONTRIBUTORS BE LIABLE FOR ANY DIRECT, INDIR
                       ECT, INCIDENTAL, 
   28 00000000         ;  SPECIAL, EXEMPLARY, OR CONSEQUENTIAL DAMAGES (INCLUDI
                       NG, BUT NOT 
   29 00000000         ;  LIMITED TO, PROCUREMENT OF SUBSTITUTE GOODS OR SERVIC
                       ES; LOSS OF USE,
   30 00000000         ;  DATA, OR PROFITS; OR BUSINESS INTERRUPTION) HOWEVER C
                       AUSED AND ON ANY
   31 00000000         ;  THEORY OF LIABILITY, WHETHER IN CONTRACT, STRICT LIAB
                       ILITY, OR TORT 
   32 00000000         ;  (INCLUDING NEGLIGENCE OR OTHERWISE) ARISING IN ANY WA
                       Y OUT OF THE USE 
   33 00000000         ;  OF THIS SOFTWARE, EVEN IF ADVISED OF THE POSSIBILITY 
                       OF SUCH DAMAGE.
   34 00000000         ;
   35 00000000         ;
   36 00000000         ;



ARM Macro Assembler    Page 2 


   37 00000000         
   38 00000000                 area             |.text|, code, readonly
   39 00000000                 arm
   40 00000000         
   41 00000000         
   42 00000000         ;-------------------------------------------------------
                       ------------------------
   43 00000000         ; Initialize Pmu
   44 00000000         ; Note: It will reset all counters
   45 00000000         ; SourceId : PMU_SourceId_001
   46 00000000         ; DesignId : PMU_DesignId_001
   47 00000000         ; Requirements : HL_SR484
   48 00000000         
   49 00000000                 export           _pmuInit_
   50 00000000         
   51 00000000         
   52 00000000         _pmuInit_
   53 00000000         
   54 00000000 E92D0001        stmfd            sp!, {r0}
   55 00000004         ; set control register
   56 00000004 EE190F1C        mrc              p15, #0, r0, c9, c12, #0
   57 00000008 E3800017        orr              r0,  r0, #(1 << 4) + 6 + 1
   58 0000000C EE090F1C        mcr              p15, #0, r0, c9, c12, #0
   59 00000010         ; clear flags
   60 00000010 E3A00000        mov              r0,  #0
   61 00000014 E2400001        sub              r0,  r0,  #1
   62 00000018 EE090F7C        mcr              p15, #0, r0, c9, c12, #3
   63 0000001C         ; select counter 0 event
   64 0000001C EE090FBC        mcr              p15, #0, r0, c9, c12, #5 
                                                            ; select counter
   65 00000020 E3A00011        mov              r0,  #0x11
   66 00000024 EE090F3D        mcr              p15, #0, r0, c9, c13, #1 
                                                            ; select event
   67 00000028         ; select counter 1 event
   68 00000028 E3A00001        mov              r0,  #1
   69 0000002C EE090FBC        mcr              p15, #0, r0, c9, c12, #5 
                                                            ; select counter
   70 00000030 E3A00011        mov              r0,  #0x11
   71 00000034 EE090F3D        mcr              p15, #0, r0, c9, c13, #1 
                                                            ; select event
   72 00000038         ; select counter 2 event
   73 00000038 E3A00002        mov              r0,  #2
   74 0000003C EE090FBC        mcr              p15, #0, r0, c9, c12, #5 
                                                            ; select counter
   75 00000040 E3A00011        mov              r0,  #0x11
   76 00000044 EE090F3D        mcr              p15, #0, r0, c9, c13, #1 
                                                            ; select event
   77 00000048 E8BD0001        ldmfd            sp!, {r0}
   78 0000004C E12FFF1E        bx               lr
   79 00000050         
   80 00000050         
   81 00000050         
   82 00000050         
   83 00000050         ;-------------------------------------------------------
                       ------------------------
   84 00000050         ; Enable Counters Global [Cycle, Event [0..2]]
   85 00000050         ; Note: It will reset all counters
   86 00000050         ; SourceId : PMU_SourceId_002
   87 00000050         ; DesignId : PMU_DesignId_002



ARM Macro Assembler    Page 3 


   88 00000050         ; Requirements : HL_SR485
   89 00000050         
   90 00000050                 export           _pmuEnableCountersGlobal_
   91 00000050         
   92 00000050         
   93 00000050         _pmuEnableCountersGlobal_
   94 00000050         
   95 00000050 E92D0001        stmfd            sp!, {r0}
   96 00000054 EE190F1C        mrc              p15, #0, r0, c9, c12, #0
   97 00000058 E3800007        orr              r0,  r0, #7
   98 0000005C EE090F1C        mcr              p15, #0, r0, c9, c12, #0
   99 00000060 E8BD0001        ldmfd            sp!, {r0}
  100 00000064 E12FFF1E        bx               lr
  101 00000068         
  102 00000068         
  103 00000068         
  104 00000068         ;-------------------------------------------------------
                       ------------------------
  105 00000068         ; Disable Counters Global [Cycle, Event [0..2]]
  106 00000068         ; SourceId : PMU_SourceId_003
  107 00000068         ; DesignId : PMU_DesignId_003
  108 00000068         ; Requirements : HL_SR485
  109 00000068         
  110 00000068                 export           _pmuDisableCountersGlobal_
  111 00000068         
  112 00000068         
  113 00000068         _pmuDisableCountersGlobal_
  114 00000068         
  115 00000068 E92D0001        stmfd            sp!, {r0}
  116 0000006C EE190F1C        mrc              p15, #0, r0, c9, c12, #0
  117 00000070 E3C00001        bic              r0,  r0, #1
  118 00000074 EE090F1C        mcr              p15, #0, r0, c9, c12, #0
  119 00000078 E8BD0001        ldmfd            sp!, {r0}
  120 0000007C E12FFF1E        bx               lr
  121 00000080         
  122 00000080         
  123 00000080         
  124 00000080         ;-------------------------------------------------------
                       ------------------------
  125 00000080         ; Reset Cycle Counter
  126 00000080         ; SourceId : PMU_SourceId_004
  127 00000080         ; DesignId : PMU_DesignId_004
  128 00000080         ; Requirements : HL_SR485
  129 00000080         
  130 00000080                 export           _pmuResetCycleCounter_
  131 00000080         
  132 00000080         
  133 00000080         _pmuResetCycleCounter_
  134 00000080         
  135 00000080 E92D0001        stmfd            sp!, {r0}
  136 00000084 EE190F1C        mrc              p15, #0, r0, c9, c12, #0
  137 00000088 E3800004        orr              r0,  r0, #4
  138 0000008C EE090F1C        mcr              p15, #0, r0, c9, c12, #0
  139 00000090 E8BD0001        ldmfd            sp!, {r0}
  140 00000094 E12FFF1E        bx               lr
  141 00000098         
  142 00000098         
  143 00000098         
  144 00000098         ;-------------------------------------------------------



ARM Macro Assembler    Page 4 


                       ------------------------
  145 00000098         ; Reset Event Counters [0..2]
  146 00000098         ; SourceId : PMU_SourceId_005
  147 00000098         ; DesignId : PMU_DesignId_005
  148 00000098         ; Requirements : HL_SR485
  149 00000098         
  150 00000098                 export           _pmuResetEventCounters_
  151 00000098         
  152 00000098         
  153 00000098         _pmuResetEventCounters_
  154 00000098         
  155 00000098 E92D0001        stmfd            sp!, {r0}
  156 0000009C EE190F1C        mrc              p15, #0, r0, c9, c12, #0
  157 000000A0 E3800002        orr              r0,  r0, #2
  158 000000A4 EE090F1C        mcr              p15, #0, r0, c9, c12, #0
  159 000000A8 E8BD0001        ldmfd            sp!, {r0}
  160 000000AC E12FFF1E        bx               lr
  161 000000B0         
  162 000000B0         
  163 000000B0         
  164 000000B0         ;-------------------------------------------------------
                       ------------------------
  165 000000B0         ; Reset Cycle Counter abd Event Counters [0..2]
  166 000000B0         ; SourceId : PMU_SourceId_006
  167 000000B0         ; DesignId : PMU_DesignId_006
  168 000000B0         ; Requirements : HL_SR485
  169 000000B0         
  170 000000B0                 export           _pmuResetCounters_
  171 000000B0         
  172 000000B0         
  173 000000B0         _pmuResetCounters_
  174 000000B0         
  175 000000B0 E92D0001        stmfd            sp!, {r0}
  176 000000B4 EE190F1C        mrc              p15, #0, r0, c9, c12, #0
  177 000000B8 E3800006        orr              r0,  r0, #6
  178 000000BC EE090F1C        mcr              p15, #0, r0, c9, c12, #0
  179 000000C0 E8BD0001        ldmfd            sp!, {r0}
  180 000000C4 E12FFF1E        bx               lr
  181 000000C8         
  182 000000C8         
  183 000000C8         
  184 000000C8         ;-------------------------------------------------------
                       ------------------------
  185 000000C8         ; Start Counters [Cycle, 0..2]
  186 000000C8         ; SourceId : PMU_SourceId_007
  187 000000C8         ; DesignId : PMU_DesignId_007
  188 000000C8         ; Requirements : HL_SR485
  189 000000C8         
  190 000000C8                 export           _pmuStartCounters_
  191 000000C8         
  192 000000C8         
  193 000000C8         _pmuStartCounters_
  194 000000C8         
  195 000000C8 EE090F3C        mcr              p15, #0, r0, c9, c12, #1
  196 000000CC E12FFF1E        bx               lr
  197 000000D0         
  198 000000D0         
  199 000000D0         
  200 000000D0         ;-------------------------------------------------------



ARM Macro Assembler    Page 5 


                       ------------------------
  201 000000D0         ; Stop Counters [Cycle, 0..2]
  202 000000D0         ; SourceId : PMU_SourceId_008
  203 000000D0         ; DesignId : PMU_DesignId_008
  204 000000D0         ; Requirements : HL_SR485
  205 000000D0         
  206 000000D0                 export           _pmuStopCounters_
  207 000000D0         
  208 000000D0         
  209 000000D0         _pmuStopCounters_
  210 000000D0         
  211 000000D0 EE090F5C        mcr              p15, #0, r0, c9, c12, #2
  212 000000D4 E12FFF1E        bx               lr
  213 000000D8         
  214 000000D8         
  215 000000D8         
  216 000000D8         ;-------------------------------------------------------
                       ------------------------
  217 000000D8         ; Set Count event
  218 000000D8         ; SourceId : PMU_SourceId_009
  219 000000D8         ; DesignId : PMU_DesignId_009
  220 000000D8         ; Requirements : HL_SR485
  221 000000D8         
  222 000000D8                 export           _pmuSetCountEvent_
  223 000000D8         
  224 000000D8         
  225 000000D8         _pmuSetCountEvent_
  226 000000D8         
  227 000000D8 E1A000A0        lsr              r0,  r0, #1
  228 000000DC EE090FBC        mcr              p15, #0, r0, c9, c12, #5 
                                                            ; select counter
  229 000000E0 EE091F3D        mcr              p15, #0, r1, c9, c13, #1 
                                                            ; select event
  230 000000E4 E12FFF1E        bx               lr
  231 000000E8         
  232 000000E8         
  233 000000E8         
  234 000000E8         ;-------------------------------------------------------
                       ------------------------
  235 000000E8         ; Get Cycle Count
  236 000000E8         ; SourceId : PMU_SourceId_010
  237 000000E8         ; DesignId : PMU_DesignId_010
  238 000000E8         ; Requirements : HL_SR486
  239 000000E8         
  240 000000E8                 export           _pmuGetCycleCount_
  241 000000E8         
  242 000000E8         
  243 000000E8         _pmuGetCycleCount_
  244 000000E8         
  245 000000E8 EE190F1D        mrc              p15, #0, r0, c9, c13, #0
  246 000000EC E12FFF1E        bx               lr
  247 000000F0         
  248 000000F0         
  249 000000F0         
  250 000000F0         ;-------------------------------------------------------
                       ------------------------
  251 000000F0         ; Get Event Counter Count Value
  252 000000F0         ; SourceId : PMU_SourceId_011
  253 000000F0         ; DesignId : PMU_DesignId_011



ARM Macro Assembler    Page 6 


  254 000000F0         ; Requirements : HL_SR486
  255 000000F0         
  256 000000F0                 export           _pmuGetEventCount_
  257 000000F0         
  258 000000F0         
  259 000000F0         _pmuGetEventCount_
  260 000000F0         
  261 000000F0 E1A000A0        lsr              r0,  r0, #1
  262 000000F4 EE090FBC        mcr              p15, #0, r0, c9, c12, #5 
                                                            ; select counter
  263 000000F8 EE190F5D        mrc              p15, #0, r0, c9, c13, #2 ; read
                                                             event counter
  264 000000FC E12FFF1E        bx               lr
  265 00000100         
  266 00000100         
  267 00000100         
  268 00000100         ;-------------------------------------------------------
                       ------------------------
  269 00000100         ; Get Overflow Flags
  270 00000100         ; SourceId : PMU_SourceId_012
  271 00000100         ; DesignId : PMU_DesignId_012
  272 00000100         ; Requirements : HL_SR486
  273 00000100         
  274 00000100                 export           _pmuGetOverflow_
  275 00000100         
  276 00000100         
  277 00000100         _pmuGetOverflow_
  278 00000100         
  279 00000100 EE190F7C        mrc              p15, #0, r0, c9, c12, #3 
                                                            ; read overflow
  280 00000104 E3A01000        mov              r1,  #0
  281 00000108 E2411001        sub              r1,  r1,  #1
  282 0000010C EE091F7C        mcr              p15, #0, r1, c9, c12, #3 
                                                            ; clear flags
  283 00000110 E12FFF1E        bx               lr
  284 00000114         
  285 00000114         
  286 00000114         
  287 00000114                 end
Command Line: --debug --xref --cpu=Cortex-R4F --bi --apcs=interwork --depend=.\
sys_pmu.d -o.\sys_pmu.o -I"D:\Program Files\Keil\ARM\RV31\INC" -I"D:\Program Fi
les\Keil\ARM\CMSIS\Include" -I"D:\Program Files\Keil\ARM\Inc\TI" --list=.\sys_p
mu.lst source\sys_pmu.asm



ARM Macro Assembler    Page 1 Alphabetic symbol ordering
Relocatable symbols

.text 00000000

Symbol: .text
   Definitions
      At line 38 in file source\sys_pmu.asm
   Uses
      None
Comment: .text unused
_pmuDisableCountersGlobal_ 00000068

Symbol: _pmuDisableCountersGlobal_
   Definitions
      At line 113 in file source\sys_pmu.asm
   Uses
      At line 110 in file source\sys_pmu.asm
Comment: _pmuDisableCountersGlobal_ used once
_pmuEnableCountersGlobal_ 00000050

Symbol: _pmuEnableCountersGlobal_
   Definitions
      At line 93 in file source\sys_pmu.asm
   Uses
      At line 90 in file source\sys_pmu.asm
Comment: _pmuEnableCountersGlobal_ used once
_pmuGetCycleCount_ 000000E8

Symbol: _pmuGetCycleCount_
   Definitions
      At line 243 in file source\sys_pmu.asm
   Uses
      At line 240 in file source\sys_pmu.asm
Comment: _pmuGetCycleCount_ used once
_pmuGetEventCount_ 000000F0

Symbol: _pmuGetEventCount_
   Definitions
      At line 259 in file source\sys_pmu.asm
   Uses
      At line 256 in file source\sys_pmu.asm
Comment: _pmuGetEventCount_ used once
_pmuGetOverflow_ 00000100

Symbol: _pmuGetOverflow_
   Definitions
      At line 277 in file source\sys_pmu.asm
   Uses
      At line 274 in file source\sys_pmu.asm
Comment: _pmuGetOverflow_ used once
_pmuInit_ 00000000

Symbol: _pmuInit_
   Definitions
      At line 52 in file source\sys_pmu.asm
   Uses
      At line 49 in file source\sys_pmu.asm
Comment: _pmuInit_ used once
_pmuResetCounters_ 000000B0

Symbol: _pmuResetCounters_



ARM Macro Assembler    Page 2 Alphabetic symbol ordering
Relocatable symbols

   Definitions
      At line 173 in file source\sys_pmu.asm
   Uses
      At line 170 in file source\sys_pmu.asm
Comment: _pmuResetCounters_ used once
_pmuResetCycleCounter_ 00000080

Symbol: _pmuResetCycleCounter_
   Definitions
      At line 133 in file source\sys_pmu.asm
   Uses
      At line 130 in file source\sys_pmu.asm
Comment: _pmuResetCycleCounter_ used once
_pmuResetEventCounters_ 00000098

Symbol: _pmuResetEventCounters_
   Definitions
      At line 153 in file source\sys_pmu.asm
   Uses
      At line 150 in file source\sys_pmu.asm
Comment: _pmuResetEventCounters_ used once
_pmuSetCountEvent_ 000000D8

Symbol: _pmuSetCountEvent_
   Definitions
      At line 225 in file source\sys_pmu.asm
   Uses
      At line 222 in file source\sys_pmu.asm
Comment: _pmuSetCountEvent_ used once
_pmuStartCounters_ 000000C8

Symbol: _pmuStartCounters_
   Definitions
      At line 193 in file source\sys_pmu.asm
   Uses
      At line 190 in file source\sys_pmu.asm
Comment: _pmuStartCounters_ used once
_pmuStopCounters_ 000000D0

Symbol: _pmuStopCounters_
   Definitions
      At line 209 in file source\sys_pmu.asm
   Uses
      At line 206 in file source\sys_pmu.asm
Comment: _pmuStopCounters_ used once
13 symbols
344 symbols in table
